{"C:\\Users\\Amalitech\\Documents\\Projects\\Personal\\Software & Testing\\task_manager\\app.js": {"path":"C:\\Users\\Amalitech\\Documents\\Projects\\Personal\\Software & Testing\\task_manager\\app.js","statementMap":{"0":{"start":{"line":1,"column":16},"end":{"line":1,"column":34}},"1":{"start":{"line":2,"column":19},"end":{"line":2,"column":49}},"2":{"start":{"line":4,"column":12},"end":{"line":4,"column":21}},"3":{"start":{"line":6,"column":0},"end":{"line":6,"column":24}},"4":{"start":{"line":7,"column":0},"end":{"line":7,"column":30}},"5":{"start":{"line":9,"column":0},"end":{"line":9,"column":21}}},"fnMap":{},"branchMap":{},"s":{"0":1,"1":1,"2":1,"3":1,"4":1,"5":1},"f":{},"b":{},"_coverageSchema":"1a1c01bbd47fc00a2c39e90264f33305004495a9","hash":"5dfff8980a6fbee2d341f3237d506dc37f2fb780"}
,"C:\\Users\\Amalitech\\Documents\\Projects\\Personal\\Software & Testing\\task_manager\\controllers\\taskController.js": {"path":"C:\\Users\\Amalitech\\Documents\\Projects\\Personal\\Software & Testing\\task_manager\\controllers\\taskController.js","statementMap":{"0":{"start":{"line":1,"column":18},"end":{"line":1,"column":48}},"1":{"start":{"line":3,"column":0},"end":{"line":10,"column":1}},"2":{"start":{"line":4,"column":35},"end":{"line":4,"column":43}},"3":{"start":{"line":5,"column":4},"end":{"line":7,"column":5}},"4":{"start":{"line":6,"column":8},"end":{"line":6,"column":75}},"5":{"start":{"line":8,"column":17},"end":{"line":8,"column":57}},"6":{"start":{"line":9,"column":4},"end":{"line":9,"column":31}},"7":{"start":{"line":13,"column":0},"end":{"line":15,"column":1}},"8":{"start":{"line":14,"column":4},"end":{"line":14,"column":38}},"9":{"start":{"line":17,"column":0},"end":{"line":20,"column":1}},"10":{"start":{"line":18,"column":17},"end":{"line":18,"column":53}},"11":{"start":{"line":19,"column":4},"end":{"line":19,"column":80}},"12":{"start":{"line":22,"column":0},"end":{"line":25,"column":1}},"13":{"start":{"line":23,"column":20},"end":{"line":23,"column":65}},"14":{"start":{"line":24,"column":4},"end":{"line":24,"column":86}},"15":{"start":{"line":27,"column":0},"end":{"line":30,"column":1}},"16":{"start":{"line":28,"column":20},"end":{"line":28,"column":55}},"17":{"start":{"line":29,"column":4},"end":{"line":29,"column":86}}},"fnMap":{"0":{"name":"(anonymous_0)","decl":{"start":{"line":3,"column":21},"end":{"line":3,"column":22}},"loc":{"start":{"line":3,"column":35},"end":{"line":10,"column":1}},"line":3},"1":{"name":"(anonymous_1)","decl":{"start":{"line":13,"column":22},"end":{"line":13,"column":23}},"loc":{"start":{"line":13,"column":36},"end":{"line":15,"column":1}},"line":13},"2":{"name":"(anonymous_2)","decl":{"start":{"line":17,"column":22},"end":{"line":17,"column":23}},"loc":{"start":{"line":17,"column":36},"end":{"line":20,"column":1}},"line":17},"3":{"name":"(anonymous_3)","decl":{"start":{"line":22,"column":21},"end":{"line":22,"column":22}},"loc":{"start":{"line":22,"column":35},"end":{"line":25,"column":1}},"line":22},"4":{"name":"(anonymous_4)","decl":{"start":{"line":27,"column":21},"end":{"line":27,"column":22}},"loc":{"start":{"line":27,"column":35},"end":{"line":30,"column":1}},"line":27}},"branchMap":{"0":{"loc":{"start":{"line":5,"column":4},"end":{"line":7,"column":5}},"type":"if","locations":[{"start":{"line":5,"column":4},"end":{"line":7,"column":5}},{"start":{},"end":{}}],"line":5},"1":{"loc":{"start":{"line":5,"column":8},"end":{"line":5,"column":30}},"type":"binary-expr","locations":[{"start":{"line":5,"column":8},"end":{"line":5,"column":14}},{"start":{"line":5,"column":18},"end":{"line":5,"column":30}}],"line":5},"2":{"loc":{"start":{"line":19,"column":4},"end":{"line":19,"column":79}},"type":"cond-expr","locations":[{"start":{"line":19,"column":11},"end":{"line":19,"column":25}},{"start":{"line":19,"column":28},"end":{"line":19,"column":79}}],"line":19},"3":{"loc":{"start":{"line":24,"column":4},"end":{"line":24,"column":85}},"type":"cond-expr","locations":[{"start":{"line":24,"column":14},"end":{"line":24,"column":31}},{"start":{"line":24,"column":34},"end":{"line":24,"column":85}}],"line":24},"4":{"loc":{"start":{"line":29,"column":4},"end":{"line":29,"column":85}},"type":"cond-expr","locations":[{"start":{"line":29,"column":14},"end":{"line":29,"column":31}},{"start":{"line":29,"column":34},"end":{"line":29,"column":85}}],"line":29}},"s":{"0":1,"1":1,"2":6,"3":6,"4":0,"5":6,"6":6,"7":1,"8":2,"9":1,"10":1,"11":1,"12":1,"13":1,"14":1,"15":1,"16":1,"17":1},"f":{"0":6,"1":2,"2":1,"3":1,"4":1},"b":{"0":[0,6],"1":[6,6],"2":[1,0],"3":[1,0],"4":[1,0]},"_coverageSchema":"1a1c01bbd47fc00a2c39e90264f33305004495a9","hash":"bf16fe62ad9ec99ae8ac56720ce5741ff33125fc"}
,"C:\\Users\\Amalitech\\Documents\\Projects\\Personal\\Software & Testing\\task_manager\\models\\taskModel.js": {"path":"C:\\Users\\Amalitech\\Documents\\Projects\\Personal\\Software & Testing\\task_manager\\models\\taskModel.js","statementMap":{"0":{"start":{"line":1,"column":12},"end":{"line":1,"column":14}},"1":{"start":{"line":5,"column":20},"end":{"line":10,"column":5}},"2":{"start":{"line":11,"column":4},"end":{"line":11,"column":24}},"3":{"start":{"line":12,"column":4},"end":{"line":12,"column":19}},"4":{"start":{"line":16,"column":4},"end":{"line":16,"column":17}},"5":{"start":{"line":21,"column":4},"end":{"line":21,"column":46}},"6":{"start":{"line":21,"column":30},"end":{"line":21,"column":44}},"7":{"start":{"line":25,"column":17},"end":{"line":25,"column":32}},"8":{"start":{"line":26,"column":4},"end":{"line":31,"column":5}},"9":{"start":{"line":27,"column":8},"end":{"line":27,"column":46}},"10":{"start":{"line":28,"column":8},"end":{"line":28,"column":64}},"11":{"start":{"line":29,"column":8},"end":{"line":29,"column":64}},"12":{"start":{"line":30,"column":8},"end":{"line":30,"column":20}},"13":{"start":{"line":32,"column":4},"end":{"line":32,"column":16}},"14":{"start":{"line":37,"column":18},"end":{"line":37,"column":57}},"15":{"start":{"line":37,"column":42},"end":{"line":37,"column":56}},"16":{"start":{"line":38,"column":4},"end":{"line":40,"column":5}},"17":{"start":{"line":39,"column":8},"end":{"line":39,"column":41}},"18":{"start":{"line":41,"column":4},"end":{"line":41,"column":16}},"19":{"start":{"line":46,"column":4},"end":{"line":46,"column":15}},"20":{"start":{"line":50,"column":0},"end":{"line":57,"column":1}}},"fnMap":{"0":{"name":"createTask","decl":{"start":{"line":4,"column":9},"end":{"line":4,"column":19}},"loc":{"start":{"line":4,"column":40},"end":{"line":13,"column":1}},"line":4},"1":{"name":"getAllTasks","decl":{"start":{"line":15,"column":9},"end":{"line":15,"column":20}},"loc":{"start":{"line":15,"column":23},"end":{"line":17,"column":1}},"line":15},"2":{"name":"getTaskById","decl":{"start":{"line":20,"column":9},"end":{"line":20,"column":20}},"loc":{"start":{"line":20,"column":25},"end":{"line":22,"column":1}},"line":20},"3":{"name":"(anonymous_3)","decl":{"start":{"line":21,"column":22},"end":{"line":21,"column":23}},"loc":{"start":{"line":21,"column":30},"end":{"line":21,"column":44}},"line":21},"4":{"name":"updateTask","decl":{"start":{"line":24,"column":9},"end":{"line":24,"column":19}},"loc":{"start":{"line":24,"column":30},"end":{"line":33,"column":1}},"line":24},"5":{"name":"deleteTask","decl":{"start":{"line":36,"column":9},"end":{"line":36,"column":19}},"loc":{"start":{"line":36,"column":24},"end":{"line":42,"column":1}},"line":36},"6":{"name":"(anonymous_6)","decl":{"start":{"line":37,"column":34},"end":{"line":37,"column":35}},"loc":{"start":{"line":37,"column":42},"end":{"line":37,"column":56}},"line":37},"7":{"name":"resetTasks","decl":{"start":{"line":45,"column":9},"end":{"line":45,"column":19}},"loc":{"start":{"line":45,"column":22},"end":{"line":47,"column":1}},"line":45}},"branchMap":{"0":{"loc":{"start":{"line":26,"column":4},"end":{"line":31,"column":5}},"type":"if","locations":[{"start":{"line":26,"column":4},"end":{"line":31,"column":5}},{"start":{},"end":{}}],"line":26},"1":{"loc":{"start":{"line":27,"column":21},"end":{"line":27,"column":45}},"type":"binary-expr","locations":[{"start":{"line":27,"column":21},"end":{"line":27,"column":31}},{"start":{"line":27,"column":35},"end":{"line":27,"column":45}}],"line":27},"2":{"loc":{"start":{"line":28,"column":27},"end":{"line":28,"column":63}},"type":"binary-expr","locations":[{"start":{"line":28,"column":27},"end":{"line":28,"column":43}},{"start":{"line":28,"column":47},"end":{"line":28,"column":63}}],"line":28},"3":{"loc":{"start":{"line":29,"column":27},"end":{"line":29,"column":63}},"type":"binary-expr","locations":[{"start":{"line":29,"column":27},"end":{"line":29,"column":43}},{"start":{"line":29,"column":47},"end":{"line":29,"column":63}}],"line":29},"4":{"loc":{"start":{"line":38,"column":4},"end":{"line":40,"column":5}},"type":"if","locations":[{"start":{"line":38,"column":4},"end":{"line":40,"column":5}},{"start":{},"end":{}}],"line":38}},"s":{"0":2,"1":12,"2":12,"3":12,"4":4,"5":5,"6":4,"7":3,"8":3,"9":2,"10":2,"11":2,"12":2,"13":1,"14":2,"15":2,"16":2,"17":2,"18":0,"19":11,"20":2},"f":{"0":12,"1":4,"2":5,"3":4,"4":3,"5":2,"6":2,"7":11},"b":{"0":[2,1],"1":[2,0],"2":[2,2],"3":[2,0],"4":[2,0]},"_coverageSchema":"1a1c01bbd47fc00a2c39e90264f33305004495a9","hash":"0e4f28a6801efadd306240ed0dc1fff99a9676fd"}
,"C:\\Users\\Amalitech\\Documents\\Projects\\Personal\\Software & Testing\\task_manager\\routes\\taskRoutes.js": {"path":"C:\\Users\\Amalitech\\Documents\\Projects\\Personal\\Software & Testing\\task_manager\\routes\\taskRoutes.js","statementMap":{"0":{"start":{"line":1,"column":16},"end":{"line":1,"column":34}},"1":{"start":{"line":2,"column":15},"end":{"line":2,"column":31}},"2":{"start":{"line":3,"column":23},"end":{"line":3,"column":63}},"3":{"start":{"line":5,"column":0},"end":{"line":5,"column":44}},"4":{"start":{"line":6,"column":0},"end":{"line":6,"column":44}},"5":{"start":{"line":7,"column":0},"end":{"line":7,"column":47}},"6":{"start":{"line":8,"column":0},"end":{"line":8,"column":46}},"7":{"start":{"line":9,"column":0},"end":{"line":9,"column":49}},"8":{"start":{"line":10,"column":0},"end":{"line":10,"column":24}}},"fnMap":{},"branchMap":{},"s":{"0":1,"1":1,"2":1,"3":1,"4":1,"5":1,"6":1,"7":1,"8":1},"f":{},"b":{},"_coverageSchema":"1a1c01bbd47fc00a2c39e90264f33305004495a9","hash":"96e3e859d674e905057aada419c80588a9e13d49"}
}
