TN:
SF:app.js
FNF:0
FNH:0
DA:1,1
DA:2,1
DA:4,1
DA:6,1
DA:7,1
DA:9,1
LF:6
LH:6
BRF:0
BRH:0
end_of_record
TN:
SF:controllers\taskController.js
FN:3,(anonymous_0)
FN:13,(anonymous_1)
FN:17,(anonymous_2)
FN:22,(anonymous_3)
FN:27,(anonymous_4)
FNF:5
FNH:5
FNDA:6,(anonymous_0)
FNDA:2,(anonymous_1)
FNDA:1,(anonymous_2)
FNDA:1,(anonymous_3)
FNDA:1,(anonymous_4)
DA:1,1
DA:3,1
DA:4,6
DA:5,6
DA:6,0
DA:8,6
DA:9,6
DA:13,1
DA:14,2
DA:17,1
DA:18,1
DA:19,1
DA:22,1
DA:23,1
DA:24,1
DA:27,1
DA:28,1
DA:29,1
LF:18
LH:17
BRDA:5,0,0,0
BRDA:5,0,1,6
BRDA:5,1,0,6
BRDA:5,1,1,6
BRDA:19,2,0,1
BRDA:19,2,1,0
BRDA:24,3,0,1
BRDA:24,3,1,0
BRDA:29,4,0,1
BRDA:29,4,1,0
BRF:10
BRH:6
end_of_record
TN:
SF:models\taskModel.js
FN:4,createTask
FN:15,getAllTasks
FN:20,getTaskById
FN:21,(anonymous_3)
FN:24,updateTask
FN:36,deleteTask
FN:37,(anonymous_6)
FN:45,resetTasks
FNF:8
FNH:8
FNDA:12,createTask
FNDA:4,getAllTasks
FNDA:5,getTaskById
FNDA:4,(anonymous_3)
FNDA:3,updateTask
FNDA:2,deleteTask
FNDA:2,(anonymous_6)
FNDA:11,resetTasks
DA:1,2
DA:5,12
DA:11,12
DA:12,12
DA:16,4
DA:21,5
DA:25,3
DA:26,3
DA:27,2
DA:28,2
DA:29,2
DA:30,2
DA:32,1
DA:37,2
DA:38,2
DA:39,2
DA:41,0
DA:46,11
DA:50,2
LF:19
LH:18
BRDA:26,0,0,2
BRDA:26,0,1,1
BRDA:27,1,0,2
BRDA:27,1,1,0
BRDA:28,2,0,2
BRDA:28,2,1,2
BRDA:29,3,0,2
BRDA:29,3,1,0
BRDA:38,4,0,2
BRDA:38,4,1,0
BRF:10
BRH:7
end_of_record
TN:
SF:routes\taskRoutes.js
FNF:0
FNH:0
DA:1,1
DA:2,1
DA:3,1
DA:5,1
DA:6,1
DA:7,1
DA:8,1
DA:9,1
DA:10,1
LF:9
LH:9
BRF:0
BRH:0
end_of_record
